Using pre-set license
Built from '2021.3/staging' branch; Version is '2021.3.26f1 (a16dc32e0ff2) revision 10579395'; Using compiler version '192829333'; Build Type 'Release'
OS: 'Windows 10  (10.0.19045) 64bit Professional' Language: 'ru' Physical Memory: 8025 MB
BatchMode: 1, IsHumanControllingUs: 0, StartBugReporterOnCrash: 0, Is64bit: 1, IsPro: 1

COMMAND LINE ARGUMENTS:
C:\Program Files\Unity\Hub\Editor\2021.3.26f1\Editor\Unity.exe
-adb2
-batchMode
-noUpm
-name
AssetImportWorker0
-projectPath
C:/Projects/Calculator/Calculator
-logFile
Logs/AssetImportWorker0.log
-srvPort
50989
Successfully changed project path to: C:/Projects/Calculator/Calculator
C:/Projects/Calculator/Calculator
[UnityMemory] Configuration Parameters - Can be set up in boot.config
    "memorysetup-bucket-allocator-granularity=16"
    "memorysetup-bucket-allocator-bucket-count=8"
    "memorysetup-bucket-allocator-block-size=33554432"
    "memorysetup-bucket-allocator-block-count=8"
    "memorysetup-main-allocator-block-size=16777216"
    "memorysetup-thread-allocator-block-size=16777216"
    "memorysetup-gfx-main-allocator-block-size=16777216"
    "memorysetup-gfx-thread-allocator-block-size=16777216"
    "memorysetup-cache-allocator-block-size=4194304"
    "memorysetup-typetree-allocator-block-size=2097152"
    "memorysetup-profiler-bucket-allocator-granularity=16"
    "memorysetup-profiler-bucket-allocator-bucket-count=8"
    "memorysetup-profiler-bucket-allocator-block-size=33554432"
    "memorysetup-profiler-bucket-allocator-block-count=8"
    "memorysetup-profiler-allocator-block-size=16777216"
    "memorysetup-profiler-editor-allocator-block-size=1048576"
    "memorysetup-temp-allocator-size-main=16777216"
    "memorysetup-job-temp-allocator-block-size=2097152"
    "memorysetup-job-temp-allocator-block-size-background=1048576"
    "memorysetup-job-temp-allocator-reduction-small-platforms=262144"
    "memorysetup-temp-allocator-size-background-worker=32768"
    "memorysetup-temp-allocator-size-job-worker=262144"
    "memorysetup-temp-allocator-size-preload-manager=33554432"
    "memorysetup-temp-allocator-size-nav-mesh-worker=65536"
    "memorysetup-temp-allocator-size-audio-worker=65536"
    "memorysetup-temp-allocator-size-cloud-worker=32768"
    "memorysetup-temp-allocator-size-gi-baking-worker=262144"
    "memorysetup-temp-allocator-size-gfx=262144"
Player connection [9596] Host "[IP] 192.168.0.103 [Port] 0 [Flags] 2 [Guid] 4110939476 [EditorId] 4110939476 [Version] 1048832 [Id] WindowsEditor(7,DESKTOP-P1ULI51) [Debug] 1 [PackageName] WindowsEditor [ProjectName] Editor" joined multi-casting on [225.0.0.222:54997]...

Player connection [9596] Host "[IP] 192.168.0.103 [Port] 0 [Flags] 2 [Guid] 4110939476 [EditorId] 4110939476 [Version] 1048832 [Id] WindowsEditor(7,DESKTOP-P1ULI51) [Debug] 1 [PackageName] WindowsEditor [ProjectName] Editor" joined alternative multi-casting on [225.0.0.222:34997]...

Refreshing native plugins compatible for Editor in 158.11 ms, found 4 plugins.
Preloading 0 native plugins for Editor in 0.00 ms.
Initialize engine version: 2021.3.26f1 (a16dc32e0ff2)
[Subsystems] Discovering subsystems at path C:/Program Files/Unity/Hub/Editor/2021.3.26f1/Editor/Data/Resources/UnitySubsystems
[Subsystems] Discovering subsystems at path C:/Projects/Calculator/Calculator/Assets
GfxDevice: creating device client; threaded=0; jobified=0
Direct3D:
    Version:  Direct3D 11.0 [level 11.1]
    Renderer: Intel(R) UHD Graphics (ID=0x9b41)
    Vendor:   Intel
    VRAM:     4012 MB
    Driver:   27.20.100.8984
Initialize mono
Mono path[0] = 'C:/Program Files/Unity/Hub/Editor/2021.3.26f1/Editor/Data/Managed'
Mono path[1] = 'C:/Program Files/Unity/Hub/Editor/2021.3.26f1/Editor/Data/MonoBleedingEdge/lib/mono/unityjit-win32'
Mono config path = 'C:/Program Files/Unity/Hub/Editor/2021.3.26f1/Editor/Data/MonoBleedingEdge/etc'
Using monoOptions --debugger-agent=transport=dt_socket,embedding=1,server=y,suspend=n,address=127.0.0.1:56540
Begin MonoManager ReloadAssembly
Registering precompiled unity dll's ...
Register platform support module: C:/Program Files/Unity/Hub/Editor/2021.3.26f1/Editor/Data/PlaybackEngines/AndroidPlayer/UnityEditor.Android.Extensions.dll
Register platform support module: C:/Program Files/Unity/Hub/Editor/2021.3.26f1/Editor/Data/PlaybackEngines/WindowsStandaloneSupport/UnityEditor.WindowsStandalone.Extensions.dll
Registered in 0.008169 seconds.
Native extension for WindowsStandalone target not found
Native extension for Android target not found
Android Extension - Scanning For ADB Devices 327 ms
Refreshing native plugins compatible for Editor in 205.43 ms, found 4 plugins.
Preloading 0 native plugins for Editor in 0.00 ms.
Mono: successfully reloaded assembly
- Completed reload, in  1.911 seconds
Domain Reload Profiling:
	ReloadAssembly (1914ms)
		BeginReloadAssembly (419ms)
			ExecutionOrderSort (0ms)
			DisableScriptedObjects (0ms)
			BackupInstance (0ms)
			ReleaseScriptingObjects (0ms)
			CreateAndSetChildDomain (2ms)
		EndReloadAssembly (1329ms)
			LoadAssemblies (416ms)
			RebuildTransferFunctionScriptingTraits (0ms)
			SetupTypeCache (161ms)
			ReleaseScriptCaches (0ms)
			RebuildScriptCaches (46ms)
			SetupLoadedEditorAssemblies (1022ms)
				LogAssemblyErrors (0ms)
				InitializePlatformSupportModulesInManaged (512ms)
				SetLoadedEditorAssemblies (0ms)
				RefreshPlugins (206ms)
				BeforeProcessingInitializeOnLoad (3ms)
				ProcessInitializeOnLoadAttributes (225ms)
				ProcessInitializeOnLoadMethodAttributes (76ms)
				AfterProcessingInitializeOnLoad (0ms)
				EditorAssembliesLoaded (0ms)
			ExecutionOrderSort2 (0ms)
			AwakeInstancesAfterBackupRestoration (0ms)
Platform modules already initialized, skipping
Registering precompiled user dll's ...
Registered in 0.008738 seconds.
Begin MonoManager ReloadAssembly
Symbol file LoadedFromMemory doesn't match image C:\Projects\Calculator\Calculator\Library\PackageCache\com.unity.visualscripting@1.8.0\Editor\VisualScripting.Core\Dependencies\YamlDotNet\Unity.VisualScripting.YamlDotNet.dll
Symbol file LoadedFromMemory doesn't match image C:\Projects\Calculator\Calculator\Library\PackageCache\com.unity.visualscripting@1.8.0\Editor\VisualScripting.Core\Dependencies\DotNetZip\Unity.VisualScripting.IonicZip.dll
Native extension for WindowsStandalone target not found
Native extension for Android target not found
Refreshing native plugins compatible for Editor in 107.11 ms, found 4 plugins.
Preloading 0 native plugins for Editor in 0.00 ms.
Mono: successfully reloaded assembly
Package Manager log level set to [2]
- Completed reload, in  1.642 seconds
Domain Reload Profiling:
	ReloadAssembly (1643ms)
		BeginReloadAssembly (250ms)
			ExecutionOrderSort (0ms)
			DisableScriptedObjects (6ms)
			BackupInstance (0ms)
			ReleaseScriptingObjects (0ms)
			CreateAndSetChildDomain (45ms)
		EndReloadAssembly (1233ms)
			LoadAssemblies (261ms)
			RebuildTransferFunctionScriptingTraits (0ms)
			SetupTypeCache (309ms)
			ReleaseScriptCaches (1ms)
			RebuildScriptCaches (68ms)
			SetupLoadedEditorAssemblies (627ms)
				LogAssemblyErrors (0ms)
				InitializePlatformSupportModulesInManaged (20ms)
				SetLoadedEditorAssemblies (0ms)
				RefreshPlugins (107ms)
				BeforeProcessingInitializeOnLoad (106ms)
				ProcessInitializeOnLoadAttributes (333ms)
				ProcessInitializeOnLoadMethodAttributes (57ms)
				AfterProcessingInitializeOnLoad (4ms)
				EditorAssembliesLoaded (0ms)
			ExecutionOrderSort2 (0ms)
			AwakeInstancesAfterBackupRestoration (6ms)
Platform modules already initialized, skipping
========================================================================
Worker process is ready to serve import requests
Launched and connected shader compiler UnityShaderCompiler.exe after 0.04 seconds
Refreshing native plugins compatible for Editor in 0.72 ms, found 4 plugins.
Preloading 0 native plugins for Editor in 0.00 ms.
Unloading 4025 Unused Serialized files (Serialized files now loaded: 0)
Unloading 50 unused Assets / (284.5 KB). Loaded Objects now: 4473.
Memory consumption went from 158.0 MB to 157.7 MB.
Total: 5.037100 ms (FindLiveObjects: 0.339000 ms CreateObjectMapping: 0.254900 ms MarkObjects: 4.290600 ms  DeleteObjects: 0.151600 ms)

AssetImportParameters requested are different than current active one (requested -> active):
  custom:video-decoder-ogg-theora: a1e56fd34408186e4bbccfd4996cb3dc -> 
  custom:container-muxer-webm: aa71ff27fc2769a1b78a27578f13a17b -> 
  custom:container-demuxer-webm: 4f35f7cbe854078d1ac9338744f61a02 -> 
  custom:video-encoder-webm-vp8: eb34c28f22e8b96e1ab97ce403110664 -> 
  custom:audio-encoder-webm-vorbis: bf7c407c2cedff20999df2af8eb42d56 -> 
  custom:framework-win-MediaFoundation: 216162199b28c13a410421893ffa2e32 -> 
  custom:container-demuxer-ogg: 62fdf1f143b41e24485cea50d1cbac27 -> 
  custom:video-decoder-webm-vp8: 9c59270c3fd7afecdb556c50c9e8de78 -> 
  custom:audio-decoder-ogg-vorbis: bf7c407c2cedff20999df2af8eb42d56 -> 
========================================================================
Received Import Request.
  Time since last request: 410490.783084 seconds.
  path: Assets/Sprites/buttons.png
  artifactKey: Guid(8ea35902be278a34983d2c648d7a1dcb) Importer(815301076,1909f56bfc062723c751e8b465ee728b)
Start importing Assets/Sprites/buttons.png using Guid(8ea35902be278a34983d2c648d7a1dcb) Importer(815301076,1909f56bfc062723c751e8b465ee728b)  -> (artifact id: 'aece5367ea4dad00759d18c4e60136c2') in 0.145179 seconds 
========================================================================
Received Import Request.
  Time since last request: 5.877093 seconds.
  path: Assets/Sprites/button background.png
  artifactKey: Guid(7511a8a749c9d17488016312e274fd76) Importer(815301076,1909f56bfc062723c751e8b465ee728b)
Start importing Assets/Sprites/button background.png using Guid(7511a8a749c9d17488016312e274fd76) Importer(815301076,1909f56bfc062723c751e8b465ee728b)  -> (artifact id: '6a1e0e183d59f9b36a2b79a615577eb9') in 0.069572 seconds 
========================================================================
Received Import Request.
  Time since last request: 31.966710 seconds.
  path: Assets/Sprites/background.png
  artifactKey: Guid(ca58602eb1eb2f0499c4847ee1c8677a) Importer(815301076,1909f56bfc062723c751e8b465ee728b)
Start importing Assets/Sprites/background.png using Guid(ca58602eb1eb2f0499c4847ee1c8677a) Importer(815301076,1909f56bfc062723c751e8b465ee728b)  -> (artifact id: 'fa5589afeb6d652fcdce3dd3a06869cc') in 0.113484 seconds 
========================================================================
Received Import Request.
  Time since last request: 487.179170 seconds.
  path: Assets/Sprites/buttons.png
  artifactKey: Guid(8ea35902be278a34983d2c648d7a1dcb) Importer(815301076,1909f56bfc062723c751e8b465ee728b)
Start importing Assets/Sprites/buttons.png using Guid(8ea35902be278a34983d2c648d7a1dcb) Importer(815301076,1909f56bfc062723c751e8b465ee728b)  -> (artifact id: 'e0b586c154e56a60aa75b1ce4bbbf3bd') in 0.061012 seconds 
========================================================================
Received Import Request.
  Time since last request: 54.222544 seconds.
  path: Assets/Sprites/buttons.png
  artifactKey: Guid(8ea35902be278a34983d2c648d7a1dcb) Importer(815301076,1909f56bfc062723c751e8b465ee728b)
Start importing Assets/Sprites/buttons.png using Guid(8ea35902be278a34983d2c648d7a1dcb) Importer(815301076,1909f56bfc062723c751e8b465ee728b)  -> (artifact id: 'fb30cf9d5c99b433e93d70153567d5c5') in 0.014766 seconds 
========================================================================
Received Import Request.
  Time since last request: 441.597503 seconds.
  path: Assets/Sprites/buttons.png
  artifactKey: Guid(8ea35902be278a34983d2c648d7a1dcb) Importer(815301076,1909f56bfc062723c751e8b465ee728b)
Start importing Assets/Sprites/buttons.png using Guid(8ea35902be278a34983d2c648d7a1dcb) Importer(815301076,1909f56bfc062723c751e8b465ee728b)  -> (artifact id: 'f823e8f4fbe874b858012bbf58784022') in 0.083940 seconds 
========================================================================
Received Import Request.
  Time since last request: 374.870154 seconds.
  path: Assets/Sprites/buttons 1.png
  artifactKey: Guid(0598cedde8cbb0349aa778f2bc6bf5e1) Importer(815301076,1909f56bfc062723c751e8b465ee728b)
Start importing Assets/Sprites/buttons 1.png using Guid(0598cedde8cbb0349aa778f2bc6bf5e1) Importer(815301076,1909f56bfc062723c751e8b465ee728b)  -> (artifact id: 'f776e3fc5c1f3fcae0f5cd8ca56f12cc') in 0.062854 seconds 
========================================================================
Received Import Request.
  Time since last request: 8940.376060 seconds.
  path: Assets/Prefabs
  artifactKey: Guid(fcd812c31a228564fbf4728eb87307f0) Importer(815301076,1909f56bfc062723c751e8b465ee728b)
Start importing Assets/Prefabs using Guid(fcd812c31a228564fbf4728eb87307f0) Importer(815301076,1909f56bfc062723c751e8b465ee728b)  -> (artifact id: 'e62e50dd7dd402989648571c2721a63e') in 0.001876 seconds 
========================================================================
Received Import Request.
  Time since last request: 4.882332 seconds.
  path: Assets/Prefabs/Button.prefab
  artifactKey: Guid(1e5c0778ce4b30540be0978bfc842ffc) Importer(815301076,1909f56bfc062723c751e8b465ee728b)
Start importing Assets/Prefabs/Button.prefab using Guid(1e5c0778ce4b30540be0978bfc842ffc) Importer(815301076,1909f56bfc062723c751e8b465ee728b)  -> (artifact id: '155bf1884b8e09ab2ce14219766d6800') in 0.064304 seconds 
========================================================================
Received Import Request.
  Time since last request: 340.157404 seconds.
  path: Assets/Sprites/button background 1.png
  artifactKey: Guid(39c1386ac5266684c98a527e31fdbefc) Importer(815301076,1909f56bfc062723c751e8b465ee728b)
Start importing Assets/Sprites/button background 1.png using Guid(39c1386ac5266684c98a527e31fdbefc) Importer(815301076,1909f56bfc062723c751e8b465ee728b)  -> (artifact id: '783a35d3f4234cf179f61c494ce83e8d') in 0.116768 seconds 
AssetImportWorkerClient::OnTransportError - code=10054 error=Удаленный хост принудительно разорвал существующее подключение.
